Arguments: 
  C:\Program Files\nodejs\node.exe C:\Users\mypiy\AppData\Roaming\npm\node_modules\yarn\bin\yarn.js login

PATH: 
  C:\Program Files\Git\mingw64\bin;C:\Program Files\Git\usr\bin;C:\Users\mypiy\bin;C:\WINDOWS\system32;C:\WINDOWS;C:\WINDOWS\System32\Wbem;C:\WINDOWS\System32\WindowsPowerShell\v1.0;C:\WINDOWS\System32\OpenSSH;C:\Program Files\nodejs;C:\Users\mypiy\AppData\Local\Programs\Python\Python39\Lib;C:\Program Files\Git\cmd;C:\xampp\php;C:\composer;C:\Users\mypiy\AppData\Local\Programs\Python\Python39\Scripts;C:\Users\mypiy\AppData\Local\Programs\Python\Python39;C:\Users\mypiy\AppData\Local\Microsoft\WindowsApps;C:\Users\mypiy\AppData\Roaming\npm;C:\Users\mypiy\AppData\Local\Programs\Python\Python39\Lib;C:\Program Files\nodejs;C:\Users\mypiy\AppData\Local\Programs\Microsoft VS Code\bin;C:\Users\mypiy\AppData\Roaming\Composer\vendor\bin;C:\Program Files\heroku\bin

Yarn version: 
  1.22.10

Node version: 
  14.15.1

Platform: 
  win32 x64

Trace: 
  Error: canceled
      at Interface.<anonymous> (C:\Users\mypiy\AppData\Roaming\npm\node_modules\yarn\lib\cli.js:136216:13)
      at Interface.emit (events.js:315:20)
      at Interface._ttyWrite (readline.js:875:16)
      at ReadStream.onkeypress (readline.js:213:10)
      at ReadStream.emit (events.js:315:20)
      at emitKeys (internal/readline/utils.js:345:14)
      at emitKeys.next (<anonymous>)
      at ReadStream.onData (readline.js:1144:36)
      at ReadStream.emit (events.js:315:20)
      at addChunk (_stream_readable.js:309:12)

npm manifest: 
  {
    "name": "react-server-request",
    "version": "1.1.0",
    "description": "it is a simple way to fetch data , get data , put data , delete data from server site using API",
    "main": "index.js",
    "scripts": {
      "test": "echo \"Error: no test specified\" && exit 1"
    },
    "repository": {
      "type": "git",
      "url": "git+https://github.com/piyas1234/react-server-request.git"
    },
    "keywords": [
      "react-server-request"
    ],
    "author": "piyas talukder",
    "license": "ISC",
    "bugs": {
      "url": "https://github.com/piyas1234/react-server-request/issues"
    },
    "homepage": "https://github.com/piyas1234/react-server-request#readme",
    "dependencies": {
      
    }
  }

yarn manifest: 
  No manifest

Lockfile: 
  No lockfile
